22:41:56.156 [main] INFO  com.solvd.it_company.com.solvd.it_company.Main - PROJECT STARTS
22:41:56.163 [main] INFO  com.solvd.it_company.com.solvd.it_company.Main - CUSTOMER: Mariya Vasulivska Budget: 15000
22:41:56.170 [main] INFO  com.solvd.it_company.com.solvd.it_company.Main - APPLICATION: Application{name='AStore' timeToMake=2 months description='Appliation - online store with custom clothes'}
22:41:56.171 [main] INFO  com.solvd.it_company.com.solvd.it_company.Main - TEAM: COOLERS
22:41:56.182 [main] INFO  com.solvd.it_company.com.solvd.it_company.Main - FUNCTIONAL: Functional{ system=[IOS] numberOfTasks=8 mediaContent=true complexityApp=2}
22:41:56.182 [main] INFO  com.solvd.it_company.com.solvd.it_company.Main - The PRICE for this application will be:
22:41:56.183 [main] INFO  com.solvd.it_company.com.solvd.it_company.Main - 6184$
22:41:56.191 [main] INFO  com.solvd.it_company.com.solvd.it_company.Main - Wrote info about Team to the file infoEmployees.txt
22:41:56.200 [main] INFO  com.solvd.it_company.com.solvd.it_company.Main - Wrote info about technicks to the file infoTehnicks.txt
22:41:56.210 [main] INFO  com.solvd.it_company.com.solvd.it_company.Main - Wrote info about customer to the file infoCustomer.txt
22:41:56.210 [main] INFO  com.solvd.it_company.com.solvd.it_company.Main - PROJECT END

14:00:21.749 [main] INFO  com.solvd.it_company.com.solvd.it_company.Main - PROJECT STARTS
14:00:21.771 [main] INFO  com.solvd.it_company.com.solvd.it_company.Main - CUSTOMER: Mariya Vasulivska Budget: 15000
14:00:21.780 [main] INFO  com.solvd.it_company.com.solvd.it_company.Main - APPLICATION: Application{name='AStore' timeToMake=2 months description='Appliation - online store with custom clothes'}
14:00:21.780 [main] INFO  com.solvd.it_company.com.solvd.it_company.Main - TEAM: COOLERS
14:00:21.790 [main] INFO  com.solvd.it_company.com.solvd.it_company.Main - FUNCTIONAL: Functional{ system=[IOS] numberOfTasks=8 mediaContent=true complexityApp=2}
14:00:21.790 [main] INFO  com.solvd.it_company.com.solvd.it_company.Main - The PRICE for this application will be:
14:00:21.791 [main] INFO  com.solvd.it_company.com.solvd.it_company.Main - 6184$
14:00:21.799 [main] INFO  com.solvd.it_company.com.solvd.it_company.Main - Wrote info about Team to the file infoEmployees.txt
14:00:21.808 [main] INFO  com.solvd.it_company.com.solvd.it_company.Main - Wrote info about technicks to the file infoTehnicks.txt
14:00:21.817 [main] INFO  com.solvd.it_company.com.solvd.it_company.Main - Wrote info about customer to the file infoCustomer.txt
14:00:21.817 [main] INFO  com.solvd.it_company.com.solvd.it_company.Main - PROJECT END

23:19:24.564 [main] INFO  com.solvd.it_company.Main - PROJECT STARTS
23:19:24.575 [main] INFO  com.solvd.it_company.Main - CUSTOMER: Mariya Vasulivska Budget: 15000
23:19:24.583 [main] INFO  com.solvd.it_company.Main - APPLICATION: Application{name='AStore' timeToMake=2 months description='Appliation - online store with custom clothes'}
23:19:24.583 [main] INFO  com.solvd.it_company.Main - TEAM: COOLERS
23:19:24.593 [main] INFO  com.solvd.it_company.Main - FUNCTIONAL: Functional{ system=[IOS] numberOfTasks=8 mediaContent=true complexityApp=2}
23:19:24.593 [main] INFO  com.solvd.it_company.Main - The PRICE for this application will be:
23:19:24.594 [main] INFO  com.solvd.it_company.Main - 6184$
23:19:24.602 [main] INFO  com.solvd.it_company.Main - Wrote info about Team to the file infoEmployees.txt
23:19:24.612 [main] INFO  com.solvd.it_company.Main - Wrote info about technicks to the file infoTehnicks.txt
23:19:24.623 [main] INFO  com.solvd.it_company.Main - Wrote info about customer to the file infoCustomer.txt
23:19:24.624 [main] INFO  com.solvd.it_company.Main - PROJECT END 

23:33:16.997 [main] INFO  com.solvd.it_company.Main - [aesthetic, very, been, reaches, paint, foreground, flamelike, entire, blacks, goghs, draws, mirroring, between, alpilles, energy, height, sky, van, canvas, surface, large, in, notably, night, is, circular, it, an, resulting, morning, quality, eye, moon, as, light, left, church, yellow, into, same, top, spire, by, glows, dark, muted, lights, a, nestled, star, twothirds, black, off, cypress, the, straight, grove, blue, glowing, to, movement, small, blended, almost, use, juxtaposition, stands, that, white, greys, olive, dreamlike, from, up, has, directly, intense, described, town, created, this, tree, its, shining, brushstrokes, glow, full, no, mountains, color, applied, for, around, swirling, oil, starry, brightest, and, of, sways, village, just, on, center, stars, windows, with, crescent, painting, moves, there, gogh, short]
23:33:17.037 [main] INFO  com.solvd.it_company.Main - PROJECT STARTS
23:33:17.042 [main] INFO  com.solvd.it_company.Main - CUSTOMER: Mariya Vasulivska Budget: 15000
23:33:17.049 [main] INFO  com.solvd.it_company.Main - APPLICATION: Application{name='AStore' timeToMake=2 months description='Appliation - online store with custom clothes'}
23:33:17.050 [main] INFO  com.solvd.it_company.Main - TEAM: COOLERS
23:33:17.057 [main] INFO  com.solvd.it_company.Main - FUNCTIONAL: Functional{ system=[IOS] numberOfTasks=8 mediaContent=true complexityApp=2}
23:33:17.057 [main] INFO  com.solvd.it_company.Main - The PRICE for this application will be:
23:33:17.058 [main] INFO  com.solvd.it_company.Main - 6184$
23:33:17.066 [main] INFO  com.solvd.it_company.Main - Wrote info about Team to the file infoEmployees.txt
23:33:17.075 [main] INFO  com.solvd.it_company.Main - Wrote info about technicks to the file infoTehnicks.txt
23:33:17.085 [main] INFO  com.solvd.it_company.Main - Wrote info about customer to the file infoCustomer.txt
23:33:17.085 [main] INFO  com.solvd.it_company.Main - PROJECT END 

23:34:46.055 [main] INFO  com.solvd.it_company.Main - [aesthetic, very, been, reaches, paint, foreground, flamelike, entire, blacks, goghs, draws, mirroring, between, alpilles, energy, height, sky, van, canvas, surface, large, in, notably, night, is, circular, it, an, resulting, morning, quality, eye, moon, as, light, left, church, yellow, into, same, top, spire, by, glows, dark, muted, lights, a, nestled, star, twothirds, black, off, cypress, the, straight, grove, blue, glowing, to, movement, small, blended, almost, use, juxtaposition, stands, that, white, greys, olive, dreamlike, from, up, has, directly, intense, described, town, created, this, tree, its, shining, brushstrokes, glow, full, no, mountains, color, applied, for, around, swirling, oil, starry, brightest, and, of, sways, village, just, on, center, stars, windows, with, crescent, painting, moves, there, gogh, short]
23:34:46.095 [main] INFO  com.solvd.it_company.Main - PROJECT STARTS
23:34:46.100 [main] INFO  com.solvd.it_company.Main - CUSTOMER: Mariya Vasulivska Budget: 15000
23:34:46.106 [main] INFO  com.solvd.it_company.Main - APPLICATION: Application{name='AStore' timeToMake=2 months description='Appliation - online store with custom clothes'}
23:34:46.106 [main] INFO  com.solvd.it_company.Main - TEAM: COOLERS
23:34:46.113 [main] INFO  com.solvd.it_company.Main - FUNCTIONAL: Functional{ system=[IOS] numberOfTasks=8 mediaContent=true complexityApp=2}
23:34:46.114 [main] INFO  com.solvd.it_company.Main - The PRICE for this application will be:
23:34:46.114 [main] INFO  com.solvd.it_company.Main - 6184$
23:34:46.122 [main] INFO  com.solvd.it_company.Main - Wrote info about Team to the file infoEmployees.txt
23:34:46.132 [main] INFO  com.solvd.it_company.Main - Wrote info about technicks to the file infoTehnicks.txt
23:34:46.142 [main] INFO  com.solvd.it_company.Main - Wrote info about customer to the file infoCustomer.txt
23:34:46.142 [main] INFO  com.solvd.it_company.Main - PROJECT END 

23:36:21.345 [main] INFO  com.solvd.it_company.Main - PROJECT STARTS
23:36:21.356 [main] INFO  com.solvd.it_company.Main - CUSTOMER: Mariya Vasulivska Budget: 15000
23:36:21.363 [main] INFO  com.solvd.it_company.Main - APPLICATION: Application{name='AStore' timeToMake=2 months description='Appliation - online store with custom clothes'}
23:36:21.363 [main] INFO  com.solvd.it_company.Main - TEAM: COOLERS
23:36:21.371 [main] INFO  com.solvd.it_company.Main - FUNCTIONAL: Functional{ system=[IOS] numberOfTasks=8 mediaContent=true complexityApp=2}
23:36:21.371 [main] INFO  com.solvd.it_company.Main - The PRICE for this application will be:
23:36:21.372 [main] INFO  com.solvd.it_company.Main - 6184$
23:36:21.379 [main] INFO  com.solvd.it_company.Main - Wrote info about Team to the file infoEmployees.txt
23:36:21.388 [main] INFO  com.solvd.it_company.Main - Wrote info about technicks to the file infoTehnicks.txt
23:36:21.395 [main] INFO  com.solvd.it_company.Main - Wrote info about customer to the file infoCustomer.txt
23:36:21.396 [main] INFO  com.solvd.it_company.Main - Unique Words from the file starryNightAestetic.txt
23:36:21.422 [main] INFO  com.solvd.it_company.Main - [aesthetic, very, been, reaches, paint, foreground, flamelike, entire, blacks, goghs, draws, mirroring, between, alpilles, energy, height, sky, van, canvas, surface, large, in, notably, night, is, circular, it, an, resulting, morning, quality, eye, moon, as, light, left, church, yellow, into, same, top, spire, by, glows, dark, muted, lights, a, nestled, star, twothirds, black, off, cypress, the, straight, grove, blue, glowing, to, movement, small, blended, almost, use, juxtaposition, stands, that, white, greys, olive, dreamlike, from, up, has, directly, intense, described, town, created, this, tree, its, shining, brushstrokes, glow, full, no, mountains, color, applied, for, around, swirling, oil, starry, brightest, and, of, sways, village, just, on, center, stars, windows, with, crescent, painting, moves, there, gogh, short]
23:36:21.423 [main] INFO  com.solvd.it_company.Main - PROJECT END 

23:43:10.104 [main] INFO  com.solvd.it_company.Main - PROJECT STARTS
23:43:10.114 [main] INFO  com.solvd.it_company.Main - CUSTOMER: Mariya Vasulivska Budget: 15000
23:43:10.122 [main] INFO  com.solvd.it_company.Main - APPLICATION: Application{name='AStore' timeToMake=2 months description='Appliation - online store with custom clothes'}
23:43:10.122 [main] INFO  com.solvd.it_company.Main - TEAM: COOLERS
23:43:10.137 [main] INFO  com.solvd.it_company.Main - FUNCTIONAL: Functional{ system=[IOS] numberOfTasks=8 mediaContent=true complexityApp=2}
23:43:10.137 [main] INFO  com.solvd.it_company.Main - The PRICE for this application will be:
23:43:10.138 [main] INFO  com.solvd.it_company.Main - 6184$
23:43:10.148 [main] INFO  com.solvd.it_company.Main - Wrote info about Team to the file infoEmployees.txt
23:43:10.157 [main] INFO  com.solvd.it_company.Main - Wrote info about technicks to the file infoTehnicks.txt
23:43:10.166 [main] INFO  com.solvd.it_company.Main - Wrote info about customer to the file infoCustomer.txt
23:43:10.166 [main] INFO  com.solvd.it_company.Main - Unique Words from the file starryNightAestetic.txt
23:43:10.196 [main] INFO  com.solvd.it_company.Main - [aesthetic, very, been, reaches, paint, foreground, flamelike, entire, blacks, goghs, draws, mirroring, between, alpilles, energy, height, sky, van, canvas, surface, large, in, notably, night, is, circular, it, an, resulting, morning, quality, eye, moon, as, light, left, church, yellow, into, same, top, spire, by, glows, dark, muted, lights, a, nestled, star, twothirds, black, off, cypress, the, straight, grove, blue, glowing, to, movement, small, blended, almost, use, juxtaposition, stands, that, white, greys, olive, dreamlike, from, up, has, directly, intense, described, town, created, this, tree, its, shining, brushstrokes, glow, full, no, mountains, color, applied, for, around, swirling, oil, starry, brightest, and, of, sways, village, just, on, center, stars, windows, with, crescent, painting, moves, there, gogh, short]
23:43:10.197 [main] INFO  com.solvd.it_company.Main - PROJECT END 

23:45:29.358 [main] INFO  com.solvd.it_company.Main - PROJECT STARTS
23:45:29.367 [main] INFO  com.solvd.it_company.Main - CUSTOMER: Mariya Vasulivska Budget: 15000
23:45:29.375 [main] INFO  com.solvd.it_company.Main - APPLICATION: Application{name='AStore' timeToMake=2 months description='Appliation - online store with custom clothes'}
23:45:29.375 [main] INFO  com.solvd.it_company.Main - TEAM: COOLERS
23:45:29.384 [main] INFO  com.solvd.it_company.Main - FUNCTIONAL: Functional{ system=[IOS] numberOfTasks=8 mediaContent=true complexityApp=2}
23:45:29.384 [main] INFO  com.solvd.it_company.Main - The PRICE for this application will be:
23:45:29.384 [main] INFO  com.solvd.it_company.Main - 6184$
23:45:29.390 [main] INFO  com.solvd.it_company.Main - Wrote info about Team to the file infoEmployees.txt
23:45:29.398 [main] INFO  com.solvd.it_company.Main - Wrote info about technicks to the file infoTehnicks.txt
23:45:29.407 [main] INFO  com.solvd.it_company.Main - Wrote info about customer to the file infoCustomer.txt
23:45:29.407 [main] INFO  com.solvd.it_company.Main - The number of the Unique Words from the file starryNightAestetic.txt
23:45:29.445 [main] INFO  com.solvd.it_company.Main - 113
23:45:29.446 [main] INFO  com.solvd.it_company.Main - PROJECT END 

23:52:08.016 [main] INFO  com.solvd.it_company.Main - PROJECT STARTS
23:52:08.025 [main] INFO  com.solvd.it_company.Main - CUSTOMER: Mariya Vasulivska Budget: 15000
23:52:08.032 [main] INFO  com.solvd.it_company.Main - APPLICATION: Application{name='AStore' timeToMake=2 months description='Appliation - online store with custom clothes'}
23:52:08.033 [main] INFO  com.solvd.it_company.Main - TEAM: COOLERS
23:52:08.042 [main] INFO  com.solvd.it_company.Main - FUNCTIONAL: Functional{ system=[IOS] numberOfTasks=8 mediaContent=true complexityApp=2}
23:52:08.042 [main] INFO  com.solvd.it_company.Main - The PRICE for this application will be:
23:52:08.042 [main] INFO  com.solvd.it_company.Main - 6184$
23:52:08.049 [main] INFO  com.solvd.it_company.Main - Wrote info about Team to the file infoEmployees.txt
23:52:08.058 [main] INFO  com.solvd.it_company.Main - Wrote info about technicks to the file infoTehnicks.txt
23:52:08.067 [main] INFO  com.solvd.it_company.Main - Wrote info about customer to the file infoCustomer.txt
23:52:08.067 [main] INFO  com.solvd.it_company.Main - The number of the Unique Words from the file starryNightAestetic.txt
23:52:08.091 [main] INFO  com.solvd.it_company.Main - 113
23:52:08.092 [main] INFO  com.solvd.it_company.Main - PROJECT END 

23:54:19.278 [main] INFO  com.solvd.it_company.Main - PROJECT STARTS
23:54:19.287 [main] INFO  com.solvd.it_company.Main - CUSTOMER: Mariya Vasulivska Budget: 15000
23:54:19.293 [main] INFO  com.solvd.it_company.Main - APPLICATION: Application{name='AStore' timeToMake=2 months description='Appliation - online store with custom clothes'}
23:54:19.294 [main] INFO  com.solvd.it_company.Main - TEAM: COOLERS
23:54:19.301 [main] INFO  com.solvd.it_company.Main - FUNCTIONAL: Functional{ system=[IOS] numberOfTasks=8 mediaContent=true complexityApp=2}
23:54:19.302 [main] INFO  com.solvd.it_company.Main - The PRICE for this application will be:
23:54:19.302 [main] INFO  com.solvd.it_company.Main - 6184$
23:54:19.309 [main] INFO  com.solvd.it_company.Main - Wrote info about Team to the file infoEmployees.txt
23:54:19.318 [main] INFO  com.solvd.it_company.Main - Wrote info about technicks to the file infoTehnicks.txt
23:54:19.327 [main] INFO  com.solvd.it_company.Main - Wrote info about customer to the file infoCustomer.txt
23:54:19.328 [main] INFO  com.solvd.it_company.Main - The number of the Unique Words from the file starryNightAestetic.txt
23:54:19.356 [main] INFO  com.solvd.it_company.Main - 113
23:54:19.356 [main] INFO  com.solvd.it_company.Main - PROJECT END 

